<?xml version="1.0" encoding="UTF-8"?>
<!-- Generated by org.testng.reporters.JUnitReportReporter -->
<testsuite skipped="0" hostname="DESKTOP-DB7IQK8" name="br.com.treinaweb.selenium.tests.CadastroUsuarioTest" tests="2" failures="0" timestamp="12 jul 2018 21:29:02 GMT" time="6.307" errors="0">
  <testcase name="verificarEmailsDiferentesTest" time="5.837" classname="br.com.treinaweb.selenium.tests.CadastroUsuarioTest"/>
  <testcase name="verificarNomeTest" time="0.470" classname="br.com.treinaweb.selenium.tests.CadastroUsuarioTest"/>
</testsuite> <!-- br.com.treinaweb.selenium.tests.CadastroUsuarioTest -->
