<?xml version="1.0" encoding="UTF-8"?>
<!-- Generated by org.testng.reporters.JUnitReportReporter -->
<testsuite skipped="0" hostname="DESKTOP-DB7IQK8" name="br.com.treinaweb.selenium.tests.CadastroUsuarioTest" tests="3" failures="0" timestamp="13 jul 2018 18:48:55 GMT" time="4.988" errors="0">
  <testcase name="verificarEmailsDiferentesTest" time="0.601" classname="br.com.treinaweb.selenium.tests.CadastroUsuarioTest"/>
  <testcase name="verificarUsuarioPreenchidoTest" time="3.871" classname="br.com.treinaweb.selenium.tests.CadastroUsuarioTest"/>
  <testcase name="verificarNomeTest" time="0.516" classname="br.com.treinaweb.selenium.tests.CadastroUsuarioTest"/>
</testsuite> <!-- br.com.treinaweb.selenium.tests.CadastroUsuarioTest -->
