<?xml version="1.0" encoding="UTF-8"?>
<!-- Generated by org.testng.reporters.JUnitReportReporter -->
<testsuite skipped="0" hostname="DESKTOP-DB7IQK8" name="br.com.treinaweb.selenium.tests.HelloSeleniumTest" tests="1" failures="0" timestamp="12 jul 2018 20:59:06 GMT" time="7.158" errors="0">
  <testcase name="testeHelloSelenium" time="7.158" classname="br.com.treinaweb.selenium.tests.HelloSeleniumTest"/>
</testsuite> <!-- br.com.treinaweb.selenium.tests.HelloSeleniumTest -->
