<?xml version="1.0" encoding="UTF-8"?>
<!-- Generated by org.testng.reporters.JUnitReportReporter -->
<testsuite skipped="0" hostname="DESKTOP-DB7IQK8" name="br.com.treinaweb.selenium.tests.UploadTest" tests="1" failures="0" timestamp="13 jul 2018 18:27:25 GMT" time="4.817" errors="0">
  <testcase name="testUpload" time="4.817" classname="br.com.treinaweb.selenium.tests.UploadTest"/>
</testsuite> <!-- br.com.treinaweb.selenium.tests.UploadTest -->
