<?xml version="1.0" encoding="UTF-8"?>
<!-- Generated by org.testng.reporters.JUnitReportReporter -->
<testsuite skipped="0" hostname="DESKTOP-DB7IQK8" name="br.com.treinaweb.selenium.tests.CadastroUsuarioTest" tests="3" failures="0" timestamp="13 jul 2018 17:44:28 GMT" time="5.547" errors="0">
  <testcase name="verificarNomeTest" time="0.546" classname="br.com.treinaweb.selenium.tests.CadastroUsuarioTest"/>
  <testcase name="verificarEmailsDiferentesTest" time="3.798" classname="br.com.treinaweb.selenium.tests.CadastroUsuarioTest"/>
  <testcase name="verificarUsuarioPreenchidoTest" time="1.203" classname="br.com.treinaweb.selenium.tests.CadastroUsuarioTest"/>
</testsuite> <!-- br.com.treinaweb.selenium.tests.CadastroUsuarioTest -->
