<?xml version="1.0" encoding="UTF-8"?>
<!-- Generated by org.testng.reporters.JUnitReportReporter -->
<testsuite skipped="0" hostname="DESKTOP-DB7IQK8" name="br.com.treinaweb.selenium.tests.CadastroUsuarioTest" tests="2" failures="0" timestamp="12 jul 2018 21:31:27 GMT" time="8.517" errors="0">
  <testcase name="verificarNomeTest" time="0.565" classname="br.com.treinaweb.selenium.tests.CadastroUsuarioTest"/>
  <testcase name="verificarEmailsDiferentesTest" time="7.952" classname="br.com.treinaweb.selenium.tests.CadastroUsuarioTest"/>
</testsuite> <!-- br.com.treinaweb.selenium.tests.CadastroUsuarioTest -->
